<?xml version="1.0" encoding="UTF-8"?>
<testsuite xmlns:xsi="http://www.w3.org/2001/XMLSchema-instance" xsi:noNamespaceSchemaLocation="https://maven.apache.org/surefire/maven-surefire-plugin/xsd/surefire-test-report-3.0.xsd" version="3.0" name="com.example.Trie.Hybrid.HybridTrieTest" time="0.068" tests="1" errors="0" skipped="0" failures="0">
  <properties>
    <property name="java.specification.version" value="17"/>
    <property name="sun.cpu.isalist" value="amd64"/>
    <property name="sun.jnu.encoding" value="Cp1252"/>
    <property name="java.class.path" value="C:\Users\margo\Documents\Dev\Projets\STL-ALGAV\Projet_ALGAV_2024\Code_Projet_ALGAV\target\test-classes;C:\Users\margo\Documents\Dev\Projets\STL-ALGAV\Projet_ALGAV_2024\Code_Projet_ALGAV\target\classes;C:\Users\margo\.m2\repository\org\junit\jupiter\junit-jupiter-api\5.8.2\junit-jupiter-api-5.8.2.jar;C:\Users\margo\.m2\repository\org\opentest4j\opentest4j\1.2.0\opentest4j-1.2.0.jar;C:\Users\margo\.m2\repository\org\junit\platform\junit-platform-commons\1.8.2\junit-platform-commons-1.8.2.jar;C:\Users\margo\.m2\repository\org\apiguardian\apiguardian-api\1.1.2\apiguardian-api-1.1.2.jar;C:\Users\margo\.m2\repository\org\junit\jupiter\junit-jupiter-engine\5.8.2\junit-jupiter-engine-5.8.2.jar;C:\Users\margo\.m2\repository\org\junit\platform\junit-platform-engine\1.8.2\junit-platform-engine-1.8.2.jar;C:\Users\margo\.m2\repository\org\json\json\20210307\json-20210307.jar;"/>
    <property name="java.vm.vendor" value="Eclipse Adoptium"/>
    <property name="sun.arch.data.model" value="64"/>
    <property name="user.variant" value=""/>
    <property name="java.vendor.url" value="https://adoptium.net/"/>
    <property name="user.timezone" value="Europe/Paris"/>
    <property name="os.name" value="Windows 11"/>
    <property name="java.vm.specification.version" value="17"/>
    <property name="user.country" value="FR"/>
    <property name="sun.java.launcher" value="SUN_STANDARD"/>
    <property name="sun.boot.library.path" value="C:\Program Files\Eclipse Adoptium\jdk-17.0.13.11-hotspot\bin"/>
    <property name="sun.java.command" value="C:\Users\margo\AppData\Local\Temp\surefire2113380095712051142\surefirebooter10736563286909891127.jar C:\Users\margo\AppData\Local\Temp\surefire2113380095712051142 2024-12-15T20-59-47_177-jvmRun1 surefire1070792211500115579tmp surefire_06344629525143935676tmp"/>
    <property name="jdk.debug" value="release"/>
    <property name="test" value="com.example.Trie.Hybrid.HybridTrieTest#testHybridTrieFunctions"/>
    <property name="surefire.test.class.path" value="C:\Users\margo\Documents\Dev\Projets\STL-ALGAV\Projet_ALGAV_2024\Code_Projet_ALGAV\target\test-classes;C:\Users\margo\Documents\Dev\Projets\STL-ALGAV\Projet_ALGAV_2024\Code_Projet_ALGAV\target\classes;C:\Users\margo\.m2\repository\org\junit\jupiter\junit-jupiter-api\5.8.2\junit-jupiter-api-5.8.2.jar;C:\Users\margo\.m2\repository\org\opentest4j\opentest4j\1.2.0\opentest4j-1.2.0.jar;C:\Users\margo\.m2\repository\org\junit\platform\junit-platform-commons\1.8.2\junit-platform-commons-1.8.2.jar;C:\Users\margo\.m2\repository\org\apiguardian\apiguardian-api\1.1.2\apiguardian-api-1.1.2.jar;C:\Users\margo\.m2\repository\org\junit\jupiter\junit-jupiter-engine\5.8.2\junit-jupiter-engine-5.8.2.jar;C:\Users\margo\.m2\repository\org\junit\platform\junit-platform-engine\1.8.2\junit-platform-engine-1.8.2.jar;C:\Users\margo\.m2\repository\org\json\json\20210307\json-20210307.jar;"/>
    <property name="sun.cpu.endian" value="little"/>
    <property name="user.home" value="C:\Users\margo"/>
    <property name="user.language" value="fr"/>
    <property name="java.specification.vendor" value="Oracle Corporation"/>
    <property name="java.version.date" value="2024-10-15"/>
    <property name="java.home" value="C:\Program Files\Eclipse Adoptium\jdk-17.0.13.11-hotspot"/>
    <property name="file.separator" value="\"/>
    <property name="basedir" value="C:\Users\margo\Documents\Dev\Projets\STL-ALGAV\Projet_ALGAV_2024\Code_Projet_ALGAV"/>
    <property name="java.vm.compressedOopsMode" value="Zero based"/>
    <property name="line.separator" value="&#10;"/>
    <property name="java.vm.specification.vendor" value="Oracle Corporation"/>
    <property name="java.specification.name" value="Java Platform API Specification"/>
    <property name="surefire.real.class.path" value="C:\Users\margo\AppData\Local\Temp\surefire2113380095712051142\surefirebooter10736563286909891127.jar"/>
    <property name="user.script" value=""/>
    <property name="sun.management.compiler" value="HotSpot 64-Bit Tiered Compilers"/>
    <property name="java.runtime.version" value="17.0.13+11"/>
    <property name="user.name" value="margo"/>
    <property name="path.separator" value=";"/>
    <property name="os.version" value="10.0"/>
    <property name="java.runtime.name" value="OpenJDK Runtime Environment"/>
    <property name="file.encoding" value="Cp1252"/>
    <property name="java.vm.name" value="OpenJDK 64-Bit Server VM"/>
    <property name="java.vendor.version" value="Temurin-17.0.13+11"/>
    <property name="maven.ext.class.path" value="C:\Users\margo\.vscode\extensions\oracle.oracle-java-23.0.1\nbcode\java\maven-nblib\netbeans-eventspy.jar"/>
    <property name="localRepository" value="C:\Users\margo\.m2\repository"/>
    <property name="java.vendor.url.bug" value="https://github.com/adoptium/adoptium-support/issues"/>
    <property name="java.io.tmpdir" value="C:\Users\margo\AppData\Local\Temp\"/>
    <property name="java.version" value="17.0.13"/>
    <property name="user.dir" value="C:\Users\margo\Documents\Dev\Projets\STL-ALGAV\Projet_ALGAV_2024\Code_Projet_ALGAV"/>
    <property name="os.arch" value="amd64"/>
    <property name="java.vm.specification.name" value="Java Virtual Machine Specification"/>
    <property name="sun.os.patch.level" value=""/>
    <property name="native.encoding" value="Cp1252"/>
    <property name="java.library.path" value="C:\Program Files\Eclipse Adoptium\jdk-17.0.13.11-hotspot\bin;C:\windows\Sun\Java\bin;C:\windows\system32;C:\windows;C:\Program Files\Eclipse Adoptium\jdk-17.0.13.11-hotspot\bin;C:\windows\system32;C:\windows;C:\windows\System32\Wbem;C:\windows\System32\WindowsPowerShell\v1.0\;C:\windows\System32\OpenSSH\;C:\Program Files (x86)\NVIDIA Corporation\PhysX\Common;C:\Program Files\NVIDIA Corporation\NVIDIA NvDLISR;C:\Users\Administrator\AppData\Local\Microsoft\WindowsApps;C:\Program Files\HP\OMEN-Broadcast\Common;C:\Program Files\HP\HP One Agent;C:\Users\margo\Documents\Dev\Git\cmd;C:\Users\margo\AppData\Local\Microsoft\WindowsApps;C:\Users\margo\Documents\Dev\Microsoft VS Code\bin;C:\Users\margo\Documents\Dev\CPP\MingW\bin;C:\Users\margo\AppData\Local\Microsoft\WinGet\Packages\OCaml.opam_Microsoft.Winget.Source_8wekyb3d8bbwe;&quot;C:\Users\margo\AppData\Local\opam\default\bin;C:\Users\margo\AppData\Local\opam\.cygwin\root\usr\x86_64-w64-mingw32\sys-root\mingw\bin;C:\Program Files\Eclipse Adoptium\jdk-17.0.13.11-hotspot\bin;C:\windows\system32;C:\windows;C:\windows\System32\Wbem;C:\wind&quot;;;."/>
    <property name="java.vm.info" value="mixed mode, sharing"/>
    <property name="java.vendor" value="Eclipse Adoptium"/>
    <property name="java.vm.version" value="17.0.13+11"/>
    <property name="java.specification.maintenance.version" value="1"/>
    <property name="sun.io.unicode.encoding" value="UnicodeLittle"/>
    <property name="java.class.version" value="61.0"/>
  </properties>
  <testcase name="testHybridTrieFunctions" classname="com.example.Trie.Hybrid.HybridTrieTest" time="0.048">
    <system-out><![CDATA[Mots restants dans le trie : [bat, cart, car, dog]
]]></system-out>
  </testcase>
</testsuite>